Arguments: 
  /usr/local/bin/node /usr/share/yarn/bin/yarn.js add highcharts

PATH: 
  /home/seam/Documents/google-cloud-sdk/bin:/home/seam/bin:/home/seam/.local/bin:/home/seam/Documents/google-cloud-sdk/bin:/home/seam/bin:/home/seam/.local/bin:/usr/local/sbin:/usr/local/bin:/usr/sbin:/usr/bin:/sbin:/bin:/usr/games:/usr/local/games:/snap/bin:/home/seam/Android/Sdk/tools:/home/seam/Android/Sdk/platform-tools:/home/seam/Android/Sdk/tools:/home/seam/Android/Sdk/platform-tools

Yarn version: 
  1.3.2

Node version: 
  9.2.1

Platform: 
  linux x64

npm manifest: 
  {
    "name": "highcharts",
    "version": "1.0.0",
    "description": "",
    "main": "index.js",
    "scripts": {
      "test": "echo \"Error: no test specified\" && exit 1"
    },
    "repository": {
      "type": "git",
      "url": "git+https://github.com/seamong/Highcharts.git"
    },
    "author": "",
    "license": "ISC",
    "bugs": {
      "url": "https://github.com/seamong/Highcharts/issues"
    },
    "homepage": "https://github.com/seamong/Highcharts#readme"
  }

yarn manifest: 
  No manifest

Lockfile: 
  No lockfile

Trace: 
  Error: 140706907273024:error:1408F119:SSL routines:SSL3_GET_RECORD:decryption failed or bad record mac:../deps/openssl/openssl/ssl/s3_pkt.c:535:
